This file contains any messages produced by compilers while
running configure, to aid debugging if configure makes a mistake.

It was created by python configure 2.6, which was
generated by GNU Autoconf 2.63.  Invocation command line was

  $ ./configure 

## --------- ##
## Platform. ##
## --------- ##

hostname = note
uname -m = i686
uname -r = 1.7.7(0.230/5/3)
uname -s = CYGWIN_NT-6.0
uname -v = 2010-08-31 09:58

/usr/bin/uname -p = unknown
/bin/uname -X     = unknown

/bin/arch              = i686
/usr/bin/arch -k       = unknown
/usr/convex/getsysinfo = unknown
/usr/bin/hostinfo      = unknown
/bin/machine           = unknown
/usr/bin/oslevel       = unknown
/bin/universe          = unknown

PATH: /android-ndk-r4-crystax/build/prebuilt/windows/arm-eabi-4.4.0/bin/
PATH: /android-ndk-r4-crystax/build/prebuilt/windows/arm-eabi-4.4.0/arm-eabi/bin/
PATH: /apache-ant-1.8.1/bin
PATH: /android-ndk-r4-crystax
PATH: /usr/local/bin
PATH: /usr/bin
PATH: /bin
PATH: /gcc/bin
PATH: /cygdrive/d/Nokia/Carbide.c++ v2.3/x86Build/Symbian_Tools/Command_Line_Tools
PATH: /cygdrive/c/Program Files/Common Files/Symbian/Tools
PATH: /cygdrive/d/Perl/bin/
PATH: /cygdrive/c/Program Files/PC Connectivity Solution/
PATH: /cygdrive/d/CSL Arm Toolchain/bin
PATH: /cygdrive/d/Perl/bin
PATH: /cygdrive/c/Windows/system32
PATH: /cygdrive/c/Windows
PATH: /cygdrive/c/Windows/System32/Wbem
PATH: /cygdrive/c/Program Files/TortoiseSVN/bin
PATH: /cygdrive/d/symbian/ARM/RVCT/Programs/2.2/349/win_32-pentium
PATH: /cygdrive/d/android-sdk-windows/tools
PATH: /cygdrive/d/android-sdk-windows/tools
PATH: /cygdrive/c/Program Files/Mercurial/


## ----------- ##
## Core tests. ##
## ----------- ##

configure:2025: checking for --with-universal-archs
configure:2037: result: 32-bit
configure:2162: checking MACHDEP
configure:2326: result: cygwin
configure:2332: checking EXTRAPLATDIR
configure:2347: result: 
configure:2358: checking machine type as reported by uname -m
configure:2361: result: i686
configure:2374: checking for --without-gcc
configure:2423: result: no
configure:2484: checking for gcc
configure:2500: found /android-ndk-r4-crystax/build/prebuilt/windows/arm-eabi-4.4.0/arm-eabi/bin//gcc
configure:2511: result: gcc
configure:2743: checking for C compiler version
configure:2751: gcc --version >&5
gcc (GCC) 4.4.0
Copyright (C) 2009 Free Software Foundation, Inc.
This is free software; see the source for copying conditions.  There is NO
warranty; not even for MERCHANTABILITY or FITNESS FOR A PARTICULAR PURPOSE.

configure:2755: $? = 0
configure:2762: gcc -v >&5
Using built-in specs.
Target: arm-eabi
Configured with: /tmp/ndk-toolchain-NSyZCh/src/build/../gcc/gcc-4.4.0/configure --prefix=/tmp/ndk-prebuilt-2952/build/prebuilt/windows/arm-eabi-4.4.0 --target=arm-eabi --host=i686-pc-cygwin --build=i686-pc-cygwin --enable-languages=c,c++ --with-gmp=/tmp/ndk-toolchain-NSyZCh/toolchain-arm-eabi-4.4.0/temp-install --with-mpfr=/tmp/ndk-toolchain-NSyZCh/toolchain-arm-eabi-4.4.0/temp-install --disable-libssp --enable-threads --disable-nls --disable-libmudflap --disable-libgomp --disable-libstdc__-v3 --disable-sjlj-exceptions --disable-shared --disable-tls --with-float=soft --with-fpu=vfp --with-arch=armv5te --enable-target-optspace --with-abi=aapcs --disable-nls --prefix=/tmp/ndk-prebuilt-2952/build/prebuilt/windows/arm-eabi-4.4.0 --with-sysroot=/cygdrive/c/Tools/android/android-ndk-r4-crystax/build/platforms/android-3/arch-arm --enable-libstdc__-v3 --enable-threads=posix --with-binutils-version=2.19 --with-gcc-version=4.4.0 --with-gdb-version=6.6 --program-transform-name='s&^&arm-eabi-&'
Thread model: posix
gcc version 4.4.0 (GCC) 
configure:2766: $? = 0
configure:2773: gcc -V >&5
gcc: '-V' option must have argument
configure:2777: $? = 1
configure:2800: checking for C compiler default output file name
configure:2822: gcc    conftest.c  >&5
gcc: error trying to exec 'cc1': execvp: No such file or directory

## ---------------- ##
## Cache variables. ##
## ---------------- ##

ac_cv_env_CC_set=
ac_cv_env_CC_value=
ac_cv_env_CFLAGS_set=
ac_cv_env_CFLAGS_value=
ac_cv_env_CPPFLAGS_set=
ac_cv_env_CPPFLAGS_value=
ac_cv_env_CPP_set=
ac_cv_env_CPP_value=
ac_cv_env_LDFLAGS_set=
ac_cv_env_LDFLAGS_value=
ac_cv_env_LIBS_set=
ac_cv_env_LIBS_value=
ac_cv_env_build_alias_set=
ac_cv_env_build_alias_value=
ac_cv_env_host_alias_set=
ac_cv_env_host_alias_value=
ac_cv_env_target_alias_set=
ac_cv_env_target_alias_value=
ac_cv_prog_ac_ct_CC=gcc

## ----------------- ##
## Output variables. ##
## ----------------- ##

AR=''
ARCH_RUN_32BIT=''
BASECFLAGS=''
BLDLIBRARY=''
BLDSHARED=''
BUILDEXEEXT=''
CC='gcc'
CCSHARED=''
CFLAGS=''
CFLAGSFORSHARED=''
CONFIGURE_MACOSX_DEPLOYMENT_TARGET=''
CONFIG_ARGS=''
CPP=''
CPPFLAGS=''
CXX=''
DEFS=''
DLINCLDIR=''
DLLLIBRARY=''
DYNLOADFILE=''
ECHO_C=''
ECHO_N='-n'
ECHO_T=''
EGREP=''
EXEEXT=''
EXPORT_MACOSX_DEPLOYMENT_TARGET='#'
EXTRAMACHDEPPATH=''
EXTRAPLATDIR=''
FRAMEWORKALTINSTALLFIRST=''
FRAMEWORKALTINSTALLLAST=''
FRAMEWORKINSTALLFIRST=''
FRAMEWORKINSTALLLAST=''
FRAMEWORKUNIXTOOLSPREFIX='/usr/local'
GREP=''
HAVE_GETHOSTBYNAME=''
HAVE_GETHOSTBYNAME_R=''
HAVE_GETHOSTBYNAME_R_3_ARG=''
HAVE_GETHOSTBYNAME_R_5_ARG=''
HAVE_GETHOSTBYNAME_R_6_ARG=''
INSTALL_DATA=''
INSTALL_PROGRAM=''
INSTALL_SCRIPT=''
INSTSONAME=''
LDFLAGS=''
LDLAST=''
LDLIBRARY=''
LDLIBRARYDIR=''
LDSHARED=''
LIBC=''
LIBM=''
LIBOBJS=''
LIBRARY=''
LIBS=''
LIBTOOL_CRUFT=''
LINKCC=''
LINKFORSHARED=''
LN=''
LTLIBOBJS=''
MACHDEP='cygwin'
MACHDEP_OBJS=''
MAINCC=''
OBJEXT=''
OPT=''
OTHER_LIBTOOL_OPT=''
PACKAGE_BUGREPORT='http://www.python.org/python-bugs'
PACKAGE_NAME='python'
PACKAGE_STRING='python 2.6'
PACKAGE_TARNAME='python'
PACKAGE_VERSION='2.6'
PATH_SEPARATOR=':'
PYTHONFRAMEWORK=''
PYTHONFRAMEWORKDIR='no-framework'
PYTHONFRAMEWORKIDENTIFIER='org.python.python'
PYTHONFRAMEWORKINSTALLDIR=''
PYTHONFRAMEWORKPREFIX=''
RANLIB=''
RUNSHARED=''
SGI_ABI=''
SHELL='/bin/sh'
SHLIBS=''
SIGNAL_OBJS=''
SO=''
SOVERSION='1.0'
SRCDIRS=''
SVNVERSION=''
THREADHEADERS=''
THREADOBJ=''
TRUE=''
UNICODE_OBJS=''
UNIVERSALSDK=''
UNIVERSAL_ARCH_FLAGS=''
USE_SIGNAL_MODULE=''
USE_THREAD_MODULE=''
VERSION='2.6'
ac_ct_CC='gcc'
bindir='${exec_prefix}/bin'
build_alias=''
datadir='${datarootdir}'
datarootdir='${prefix}/share'
docdir='${datarootdir}/doc/${PACKAGE_TARNAME}'
dvidir='${docdir}'
exec_prefix='NONE'
host_alias=''
htmldir='${docdir}'
includedir='${prefix}/include'
infodir='${datarootdir}/info'
libdir='${exec_prefix}/lib'
libexecdir='${exec_prefix}/libexec'
localedir='${datarootdir}/locale'
localstatedir='${prefix}/var'
mandir='${datarootdir}/man'
oldincludedir='/usr/include'
pdfdir='${docdir}'
prefix='NONE'
program_transform_name='s,x,x,'
psdir='${docdir}'
sbindir='${exec_prefix}/sbin'
sharedstatedir='${prefix}/com'
sysconfdir='${prefix}/etc'
target_alias=''

## ----------- ##
## confdefs.h. ##
## ----------- ##

#define _GNU_SOURCE 1
#define _NETBSD_SOURCE 1
#define __BSD_VISIBLE 1
#define _BSD_TYPES 1
#define _DARWIN_C_SOURCE 1
#define _XOPEN_SOURCE 600
#define _XOPEN_SOURCE_EXTENDED 1
#define _POSIX_C_SOURCE 200112L

configure: caught signal 2
configure: exit 1
